2021-06-28 06:23:20.752  INFO 7136 --- [restartedMain] demo.Application                         : Starting Application on DESKTOP-PGKCU1M with PID 7136 (C:\Users\Owner\Desktop\unilog-develop\Backend\target\classes started by Owner in C:\Users\Owner\Desktop\unilog-develop\Backend)
2021-06-28 06:23:20.758  INFO 7136 --- [restartedMain] demo.Application                         : No active profile set, falling back to default profiles: default
2021-06-28 06:23:20.823  INFO 7136 --- [restartedMain] .e.DevToolsPropertyDefaultsPostProcessor : Devtools property defaults active! Set 'spring.devtools.add-properties' to 'false' to disable
2021-06-28 06:23:20.823  INFO 7136 --- [restartedMain] .e.DevToolsPropertyDefaultsPostProcessor : For additional web related logging consider setting the 'logging.level.web' property to 'DEBUG'
2021-06-28 06:23:22.232  INFO 7136 --- [restartedMain] .s.d.r.c.RepositoryConfigurationDelegate : Bootstrapping Spring Data repositories in DEFAULT mode.
2021-06-28 06:23:22.375  INFO 7136 --- [restartedMain] .s.d.r.c.RepositoryConfigurationDelegate : Finished Spring Data repository scanning in 133ms. Found 9 repository interfaces.
2021-06-28 06:23:22.914  INFO 7136 --- [restartedMain] trationDelegate$BeanPostProcessorChecker : Bean 'org.springframework.transaction.annotation.ProxyTransactionManagementConfiguration' of type [org.springframework.transaction.annotation.ProxyTransactionManagementConfiguration$$EnhancerBySpringCGLIB$$484bee14] is not eligible for getting processed by all BeanPostProcessors (for example: not eligible for auto-proxying)
2021-06-28 06:23:23.857  INFO 7136 --- [restartedMain] o.s.b.w.embedded.tomcat.TomcatWebServer  : Tomcat initialized with port(s): 8081 (http)
2021-06-28 06:23:23.885  INFO 7136 --- [restartedMain] o.apache.catalina.core.StandardService   : Starting service [Tomcat]
2021-06-28 06:23:23.886  INFO 7136 --- [restartedMain] org.apache.catalina.core.StandardEngine  : Starting Servlet engine: [Apache Tomcat/9.0.14]
2021-06-28 06:23:23.899  INFO 7136 --- [restartedMain] o.a.catalina.core.AprLifecycleListener   : The APR based Apache Tomcat Native library which allows optimal performance in production environments was not found on the java.library.path: [C:\Program Files\AdoptOpenJDK\jdk-8.0.242.08-hotspot\bin;C:\WINDOWS\Sun\Java\bin;C:\WINDOWS\system32;C:\WINDOWS;C:/Users/Owner/Desktop/eclipse//plugins/org.eclipse.justj.openjdk.hotspot.jre.full.win32.x86_64_15.0.2.v20210201-0955/jre/bin/server;C:/Users/Owner/Desktop/eclipse//plugins/org.eclipse.justj.openjdk.hotspot.jre.full.win32.x86_64_15.0.2.v20210201-0955/jre/bin;C:\Program Files\Common Files\Oracle\Java\javapath;C:\Program Files\AdoptOpenJDK\jdk-8.0.242.08-hotspot\bin;C:\Program Files (x86)\Common Files\Oracle\Java\javapath;C:\WINDOWS\system32;C:\WINDOWS;C:\WINDOWS\System32\Wbem;C:\WINDOWS\System32\WindowsPowerShell\v1.0\;C:\WINDOWS\System32\OpenSSH\;C:\Program Files\dotnet\;C:\Program Files\Git\cmd;C:\Program Files (x86)\dotnet\;C:\Program Files\nodejs\;C:\Program Files\TortoiseGit\bin;C:\Program Files\MySQL\MySQL Shell 8.0\bin\;C:\Users\Owner\AppData\Local\Microsoft\WindowsApps;;C:\Users\Owner\AppData\Local\Programs\Microsoft VS Code\bin;C:\Users\Owner\AppData\Roaming\npm;C:\Users\Owner\Desktop\eclipse;;.]
2021-06-28 06:23:24.032  INFO 7136 --- [restartedMain] o.a.c.c.C.[Tomcat].[localhost].[/]       : Initializing Spring embedded WebApplicationContext
2021-06-28 06:23:24.032  INFO 7136 --- [restartedMain] o.s.web.context.ContextLoader            : Root WebApplicationContext: initialization completed in 3209 ms
2021-06-28 06:23:24.260  INFO 7136 --- [restartedMain] com.zaxxer.hikari.HikariDataSource       : HikariPool-1 - Starting...
2021-06-28 06:23:25.353  INFO 7136 --- [restartedMain] com.zaxxer.hikari.HikariDataSource       : HikariPool-1 - Start completed.
2021-06-28 06:23:25.444  INFO 7136 --- [restartedMain] o.hibernate.jpa.internal.util.LogHelper  : HHH000204: Processing PersistenceUnitInfo [
	name: default
	...]
2021-06-28 06:23:25.566  INFO 7136 --- [restartedMain] org.hibernate.Version                    : HHH000412: Hibernate Core {5.3.7.Final}
2021-06-28 06:23:25.569  INFO 7136 --- [restartedMain] org.hibernate.cfg.Environment            : HHH000206: hibernate.properties not found
2021-06-28 06:23:25.826  INFO 7136 --- [restartedMain] o.hibernate.annotations.common.Version   : HCANN000001: Hibernate Commons Annotations {5.0.4.Final}
2021-06-28 06:23:26.300  INFO 7136 --- [restartedMain] org.hibernate.dialect.Dialect            : HHH000400: Using dialect: org.hibernate.dialect.PostgreSQL95Dialect
2021-06-28 06:23:26.323  INFO 7136 --- [restartedMain] o.h.e.j.e.i.LobCreatorBuilderImpl        : HHH000422: Disabling contextual LOB creation as connection was null
2021-06-28 06:23:26.330  INFO 7136 --- [restartedMain] org.hibernate.type.BasicTypeRegistry     : HHH000270: Type registration [java.util.UUID] overrides previous : org.hibernate.type.UUIDBinaryType@96ddc7b
2021-06-28 06:23:26.489  WARN 7136 --- [restartedMain] org.hibernate.id.UUIDHexGenerator        : HHH000409: Using org.hibernate.id.UUIDHexGenerator which does not generate IETF RFC 4122 compliant UUID values; consider using org.hibernate.id.UUIDGenerator instead
2021-06-28 06:23:27.336  INFO 7136 --- [restartedMain] j.LocalContainerEntityManagerFactoryBean : Initialized JPA EntityManagerFactory for persistence unit 'default'
2021-06-28 06:23:27.414  INFO 7136 --- [restartedMain] o.s.b.d.a.OptionalLiveReloadServer       : LiveReload server is running on port 35729
2021-06-28 06:23:28.291  INFO 7136 --- [restartedMain] o.h.h.i.QueryTranslatorFactoryInitiator  : HHH000397: Using ASTQueryTranslatorFactory
2021-06-28 06:23:28.926  WARN 7136 --- [restartedMain] aWebConfiguration$JpaWebMvcConfiguration : spring.jpa.open-in-view is enabled by default. Therefore, database queries may be performed during view rendering. Explicitly configure spring.jpa.open-in-view to disable this warning
2021-06-28 06:23:29.397  INFO 7136 --- [restartedMain] o.s.s.concurrent.ThreadPoolTaskExecutor  : Initializing ExecutorService 'applicationTaskExecutor'
2021-06-28 06:23:29.511  WARN 7136 --- [restartedMain] ion$DefaultTemplateResolverConfiguration : Cannot find template location: classpath:/templates/ (please add some templates or check your Thymeleaf configuration)
2021-06-28 06:23:29.570  INFO 7136 --- [restartedMain] o.s.b.a.w.s.WelcomePageHandlerMapping    : Adding welcome page: class path resource [static/index.html]
2021-06-28 06:23:29.708  INFO 7136 --- [restartedMain] o.s.s.c.ThreadPoolTaskScheduler          : Initializing ExecutorService 'taskScheduler'
2021-06-28 06:23:30.625  INFO 7136 --- [restartedMain] o.s.b.w.embedded.tomcat.TomcatWebServer  : Tomcat started on port(s): 8081 (http) with context path ''
2021-06-28 06:23:30.627  INFO 7136 --- [restartedMain] demo.Application                         : Started Application in 10.677 seconds (JVM running for 12.327)
2021-06-28 06:23:43.457  INFO 7136 --- [http-nio-8081-exec-1] o.a.c.c.C.[Tomcat].[localhost].[/]       : Initializing Spring DispatcherServlet 'dispatcherServlet'
2021-06-28 06:23:43.458  INFO 7136 --- [http-nio-8081-exec-1] o.s.web.servlet.DispatcherServlet        : Initializing Servlet 'dispatcherServlet'
2021-06-28 06:23:43.475  INFO 7136 --- [http-nio-8081-exec-1] o.s.web.servlet.DispatcherServlet        : Completed initialization in 17 ms
2021-06-28 06:23:44.486  INFO 7136 --- [http-nio-8081-exec-9] demo.aop.LoggingAspect                   : URL : http://localhost:8081/account/279ed56c0c6811ebadc10242ac120002
2021-06-28 06:23:44.486  INFO 7136 --- [http-nio-8081-exec-9] demo.aop.LoggingAspect                   : HTTP_METHOD : GET
2021-06-28 06:23:44.486  INFO 7136 --- [http-nio-8081-exec-9] demo.aop.LoggingAspect                   : IP : 0:0:0:0:0:0:0:1
2021-06-28 06:23:44.488  INFO 7136 --- [http-nio-8081-exec-9] demo.aop.LoggingAspect                   : CLASS_METHOD : demo.controller.user.AccountController.getAllAccount
2021-06-28 06:23:44.488  INFO 7136 --- [http-nio-8081-exec-9] demo.aop.LoggingAspect                   : ARGS : [demo.model.user.UserModel@16d54ccb, 279ed56c0c6811ebadc10242ac120002, 279ed56c0c6811ebadc10242ac120002]
2021-06-28 07:00:00.095  INFO 7136 --- [scheduling-1] .s.a.AnnotationAsyncExecutionInterceptor : More than one TaskExecutor bean found within the context, and none is named 'taskExecutor'. Mark one of them as primary or name it 'taskExecutor' (possibly as an alias) in order to use it for async processing: [applicationTaskExecutor, taskScheduler]
2021-06-28 07:47:22.538  WARN 7136 --- [HikariPool-1 housekeeper] com.zaxxer.hikari.pool.HikariPool        : HikariPool-1 - Thread starvation or clock leap detected (housekeeper delta=12m25s885ms456µs600ns).
2021-06-28 09:12:14.586  INFO 7136 --- [RMI TCP Connection(160)-127.0.0.1] inMXBeanRegistrar$SpringApplicationAdmin : Application shutdown requested.
2021-06-28 09:12:14.721  INFO 7136 --- [RMI TCP Connection(160)-127.0.0.1] o.s.s.c.ThreadPoolTaskScheduler          : Shutting down ExecutorService 'taskScheduler'
2021-06-28 09:12:14.726  INFO 7136 --- [RMI TCP Connection(160)-127.0.0.1] o.s.s.concurrent.ThreadPoolTaskExecutor  : Shutting down ExecutorService 'applicationTaskExecutor'
2021-06-28 09:12:14.741  INFO 7136 --- [RMI TCP Connection(160)-127.0.0.1] j.LocalContainerEntityManagerFactoryBean : Closing JPA EntityManagerFactory for persistence unit 'default'
2021-06-28 09:12:14.836  INFO 7136 --- [RMI TCP Connection(160)-127.0.0.1] com.zaxxer.hikari.HikariDataSource       : HikariPool-1 - Shutdown initiated...
2021-06-28 09:12:14.857  INFO 7136 --- [RMI TCP Connection(160)-127.0.0.1] com.zaxxer.hikari.HikariDataSource       : HikariPool-1 - Shutdown completed.
