2022-12-01 03:43:41.957  INFO 19036 --- [main] demo.Application                         : Starting Application v0.0.1-SNAPSHOT on DESKTOP-PGKCU1M with PID 19036 (C:\Users\Owner\Desktop\Internship Stuff\unilog-develop\Backend\target\JavaBase-0.0.1-SNAPSHOT.jar started by Owner in C:\Users\Owner\Desktop\Internship Stuff\unilog-develop\Backend\target)
2022-12-01 03:43:41.961  INFO 19036 --- [main] demo.Application                         : No active profile set, falling back to default profiles: default
2022-12-01 03:43:44.431  INFO 19036 --- [main] .s.d.r.c.RepositoryConfigurationDelegate : Bootstrapping Spring Data repositories in DEFAULT mode.
2022-12-01 03:43:44.915  INFO 19036 --- [main] .s.d.r.c.RepositoryConfigurationDelegate : Finished Spring Data repository scanning in 470ms. Found 9 repository interfaces.
2022-12-01 03:43:46.280  INFO 19036 --- [main] trationDelegate$BeanPostProcessorChecker : Bean 'org.springframework.transaction.annotation.ProxyTransactionManagementConfiguration' of type [org.springframework.transaction.annotation.ProxyTransactionManagementConfiguration$$EnhancerBySpringCGLIB$$348d3713] is not eligible for getting processed by all BeanPostProcessors (for example: not eligible for auto-proxying)
2022-12-01 03:43:49.242  INFO 19036 --- [main] o.s.b.w.embedded.tomcat.TomcatWebServer  : Tomcat initialized with port(s): 8081 (http)
2022-12-01 03:43:49.305  INFO 19036 --- [main] o.apache.catalina.core.StandardService   : Starting service [Tomcat]
2022-12-01 03:43:49.306  INFO 19036 --- [main] org.apache.catalina.core.StandardEngine  : Starting Servlet engine: [Apache Tomcat/9.0.14]
2022-12-01 03:43:49.326  INFO 19036 --- [main] o.a.catalina.core.AprLifecycleListener   : The APR based Apache Tomcat Native library which allows optimal performance in production environments was not found on the java.library.path: [C:\Program Files\Java\jdk-16\bin;C:\WINDOWS\Sun\Java\bin;C:\WINDOWS\system32;C:\WINDOWS;C:\Program Files\Common Files\Oracle\Java\javapath;C:\Program Files\AdoptOpenJDK\jdk-8.0.242.08-hotspot\bin;C:\Program Files (x86)\Common Files\Oracle\Java\javapath;C:\WINDOWS\system32;C:\WINDOWS;C:\WINDOWS\System32\Wbem;C:\WINDOWS\System32\WindowsPowerShell\v1.0\;C:\WINDOWS\System32\OpenSSH\;C:\Program Files\dotnet\;C:\Program Files\Git\cmd;C:\Program Files\nodejs\;C:\Program Files\TortoiseGit\bin;C:\ProgramData\chocolatey\bin;C:\Program Files (x86)\QuickTime\QTSystem\;C:\Program Files\Docker\Docker\resources\bin;C:\Program Files\Go\bin;C:\Users\Owner\anaconda3;C:\Program Files\MySQL\MySQL Shell 8.0\bin\;C:\Users\Owner\AppData\Local\Microsoft\WindowsApps;C:\Users\Owner\AppData\Local\Programs\Microsoft VS Code\bin;C:\Users\Owner\AppData\Roaming\npm;C:\intelFPGA\20.1\modelsim_ase\win32aloem;C:\intelFPGA_lite\20.1\modelsim_ase\win32aloem;C:\MinGW\bin;;C:\ghcup\bin;C:\Users\Owner\go\bin;.]
2022-12-01 03:43:49.583  INFO 19036 --- [main] o.a.c.c.C.[Tomcat].[localhost].[/]       : Initializing Spring embedded WebApplicationContext
2022-12-01 03:43:49.583  INFO 19036 --- [main] o.s.web.context.ContextLoader            : Root WebApplicationContext: initialization completed in 7535 ms
2022-12-01 03:43:50.068  INFO 19036 --- [main] com.zaxxer.hikari.HikariDataSource       : HikariPool-1 - Starting...
2022-12-01 03:43:50.966  INFO 19036 --- [main] com.zaxxer.hikari.HikariDataSource       : HikariPool-1 - Start completed.
2022-12-01 03:43:51.230  INFO 19036 --- [main] o.hibernate.jpa.internal.util.LogHelper  : HHH000204: Processing PersistenceUnitInfo [
	name: default
	...]
2022-12-01 03:43:51.595  INFO 19036 --- [main] org.hibernate.Version                    : HHH000412: Hibernate Core {5.3.7.Final}
2022-12-01 03:43:51.598  INFO 19036 --- [main] org.hibernate.cfg.Environment            : HHH000206: hibernate.properties not found
2022-12-01 03:43:52.055  INFO 19036 --- [main] o.hibernate.annotations.common.Version   : HCANN000001: Hibernate Commons Annotations {5.0.4.Final}
2022-12-01 03:43:52.714  INFO 19036 --- [main] org.hibernate.dialect.Dialect            : HHH000400: Using dialect: org.hibernate.dialect.PostgreSQL95Dialect
2022-12-01 03:43:52.738  INFO 19036 --- [main] o.h.e.j.e.i.LobCreatorBuilderImpl        : HHH000422: Disabling contextual LOB creation as connection was null
2022-12-01 03:43:52.747  INFO 19036 --- [main] org.hibernate.type.BasicTypeRegistry     : HHH000270: Type registration [java.util.UUID] overrides previous : org.hibernate.type.UUIDBinaryType@53ec2968
2022-12-01 03:43:53.275  WARN 19036 --- [main] org.hibernate.id.UUIDHexGenerator        : HHH000409: Using org.hibernate.id.UUIDHexGenerator which does not generate IETF RFC 4122 compliant UUID values; consider using org.hibernate.id.UUIDGenerator instead
2022-12-01 03:43:56.241  INFO 19036 --- [main] j.LocalContainerEntityManagerFactoryBean : Initialized JPA EntityManagerFactory for persistence unit 'default'
2022-12-01 03:43:56.287  INFO 716 --- [main] demo.Application                         : Starting Application v0.0.1-SNAPSHOT on DESKTOP-PGKCU1M with PID 716 (C:\Users\Owner\Desktop\Internship Stuff\unilog-develop\Backend\target\JavaBase-0.0.1-SNAPSHOT.jar started by Owner in C:\Users\Owner\Desktop\Internship Stuff\unilog-develop\Backend\target)
2022-12-01 03:43:56.290  INFO 716 --- [main] demo.Application                         : No active profile set, falling back to default profiles: default
2022-12-01 03:43:59.952  INFO 19036 --- [main] o.h.h.i.QueryTranslatorFactoryInitiator  : HHH000397: Using ASTQueryTranslatorFactory
2022-12-01 03:44:01.744  WARN 19036 --- [main] aWebConfiguration$JpaWebMvcConfiguration : spring.jpa.open-in-view is enabled by default. Therefore, database queries may be performed during view rendering. Explicitly configure spring.jpa.open-in-view to disable this warning
2022-12-01 03:44:01.847  INFO 716 --- [main] .s.d.r.c.RepositoryConfigurationDelegate : Bootstrapping Spring Data repositories in DEFAULT mode.
2022-12-01 03:44:02.421  INFO 716 --- [main] .s.d.r.c.RepositoryConfigurationDelegate : Finished Spring Data repository scanning in 502ms. Found 9 repository interfaces.
2022-12-01 03:44:03.377  INFO 19036 --- [main] o.s.s.concurrent.ThreadPoolTaskExecutor  : Initializing ExecutorService 'applicationTaskExecutor'
2022-12-01 03:44:03.652  WARN 19036 --- [main] ion$DefaultTemplateResolverConfiguration : Cannot find template location: classpath:/templates/ (please add some templates or check your Thymeleaf configuration)
2022-12-01 03:44:03.780  INFO 19036 --- [main] o.s.b.a.w.s.WelcomePageHandlerMapping    : Adding welcome page: class path resource [static/index.html]
2022-12-01 03:44:04.411  INFO 716 --- [main] trationDelegate$BeanPostProcessorChecker : Bean 'org.springframework.transaction.annotation.ProxyTransactionManagementConfiguration' of type [org.springframework.transaction.annotation.ProxyTransactionManagementConfiguration$$EnhancerBySpringCGLIB$$f65c9785] is not eligible for getting processed by all BeanPostProcessors (for example: not eligible for auto-proxying)
2022-12-01 03:44:04.431  INFO 19036 --- [main] o.s.s.c.ThreadPoolTaskScheduler          : Initializing ExecutorService 'taskScheduler'
2022-12-01 03:44:08.852  INFO 19036 --- [main] o.s.b.w.embedded.tomcat.TomcatWebServer  : Tomcat started on port(s): 8081 (http) with context path ''
2022-12-01 03:44:08.855  INFO 19036 --- [main] demo.Application                         : Started Application in 27.923 seconds (JVM running for 29.054)
2022-12-01 03:44:09.080  INFO 716 --- [main] o.s.b.w.embedded.tomcat.TomcatWebServer  : Tomcat initialized with port(s): 8081 (http)
2022-12-01 03:44:09.176  INFO 716 --- [main] o.apache.catalina.core.StandardService   : Starting service [Tomcat]
2022-12-01 03:44:09.177  INFO 716 --- [main] org.apache.catalina.core.StandardEngine  : Starting Servlet engine: [Apache Tomcat/9.0.14]
2022-12-01 03:44:09.190  INFO 716 --- [main] o.a.catalina.core.AprLifecycleListener   : The APR based Apache Tomcat Native library which allows optimal performance in production environments was not found on the java.library.path: [C:\Program Files\Java\jdk-16\bin;C:\WINDOWS\Sun\Java\bin;C:\WINDOWS\system32;C:\WINDOWS;C:\Program Files\Common Files\Oracle\Java\javapath;C:\Program Files\AdoptOpenJDK\jdk-8.0.242.08-hotspot\bin;C:\Program Files (x86)\Common Files\Oracle\Java\javapath;C:\WINDOWS\system32;C:\WINDOWS;C:\WINDOWS\System32\Wbem;C:\WINDOWS\System32\WindowsPowerShell\v1.0\;C:\WINDOWS\System32\OpenSSH\;C:\Program Files\dotnet\;C:\Program Files\Git\cmd;C:\Program Files\nodejs\;C:\Program Files\TortoiseGit\bin;C:\ProgramData\chocolatey\bin;C:\Program Files (x86)\QuickTime\QTSystem\;C:\Program Files\Docker\Docker\resources\bin;C:\Program Files\Go\bin;C:\Users\Owner\anaconda3;C:\Program Files\MySQL\MySQL Shell 8.0\bin\;C:\Users\Owner\AppData\Local\Microsoft\WindowsApps;C:\Users\Owner\AppData\Local\Programs\Microsoft VS Code\bin;C:\Users\Owner\AppData\Roaming\npm;C:\intelFPGA\20.1\modelsim_ase\win32aloem;C:\intelFPGA_lite\20.1\modelsim_ase\win32aloem;C:\MinGW\bin;;C:\ghcup\bin;C:\Users\Owner\go\bin;.]
2022-12-01 03:44:09.482  INFO 716 --- [main] o.a.c.c.C.[Tomcat].[localhost].[/]       : Initializing Spring embedded WebApplicationContext
2022-12-01 03:44:09.482  INFO 716 --- [main] o.s.web.context.ContextLoader            : Root WebApplicationContext: initialization completed in 12869 ms
2022-12-01 03:44:10.614  INFO 716 --- [main] com.zaxxer.hikari.HikariDataSource       : HikariPool-1 - Starting...
2022-12-01 03:44:11.126  INFO 716 --- [main] com.zaxxer.hikari.HikariDataSource       : HikariPool-1 - Start completed.
2022-12-01 03:44:11.286  INFO 716 --- [main] o.hibernate.jpa.internal.util.LogHelper  : HHH000204: Processing PersistenceUnitInfo [
	name: default
	...]
2022-12-01 03:44:11.475  INFO 716 --- [main] org.hibernate.Version                    : HHH000412: Hibernate Core {5.3.7.Final}
2022-12-01 03:44:11.478  INFO 716 --- [main] org.hibernate.cfg.Environment            : HHH000206: hibernate.properties not found
2022-12-01 03:44:11.911  INFO 716 --- [main] o.hibernate.annotations.common.Version   : HCANN000001: Hibernate Commons Annotations {5.0.4.Final}
2022-12-01 03:44:12.585  INFO 716 --- [main] org.hibernate.dialect.Dialect            : HHH000400: Using dialect: org.hibernate.dialect.PostgreSQL95Dialect
2022-12-01 03:44:12.616  INFO 716 --- [main] o.h.e.j.e.i.LobCreatorBuilderImpl        : HHH000422: Disabling contextual LOB creation as connection was null
2022-12-01 03:44:12.649  INFO 716 --- [main] org.hibernate.type.BasicTypeRegistry     : HHH000270: Type registration [java.util.UUID] overrides previous : org.hibernate.type.UUIDBinaryType@14ef2482
2022-12-01 03:44:12.907  WARN 716 --- [main] org.hibernate.id.UUIDHexGenerator        : HHH000409: Using org.hibernate.id.UUIDHexGenerator which does not generate IETF RFC 4122 compliant UUID values; consider using org.hibernate.id.UUIDGenerator instead
2022-12-01 03:44:14.684  INFO 716 --- [main] j.LocalContainerEntityManagerFactoryBean : Initialized JPA EntityManagerFactory for persistence unit 'default'
2022-12-01 03:44:17.954  INFO 716 --- [main] o.h.h.i.QueryTranslatorFactoryInitiator  : HHH000397: Using ASTQueryTranslatorFactory
2022-12-01 03:44:19.520  WARN 716 --- [main] aWebConfiguration$JpaWebMvcConfiguration : spring.jpa.open-in-view is enabled by default. Therefore, database queries may be performed during view rendering. Explicitly configure spring.jpa.open-in-view to disable this warning
2022-12-01 03:44:20.900  INFO 716 --- [main] o.s.s.concurrent.ThreadPoolTaskExecutor  : Initializing ExecutorService 'applicationTaskExecutor'
2022-12-01 03:44:21.246  WARN 716 --- [main] ion$DefaultTemplateResolverConfiguration : Cannot find template location: classpath:/templates/ (please add some templates or check your Thymeleaf configuration)
2022-12-01 03:44:21.449  INFO 716 --- [main] o.s.b.a.w.s.WelcomePageHandlerMapping    : Adding welcome page: class path resource [static/index.html]
2022-12-01 03:44:21.886  INFO 716 --- [main] o.s.s.c.ThreadPoolTaskScheduler          : Initializing ExecutorService 'taskScheduler'
2022-12-01 03:44:25.174 ERROR 716 --- [main] org.apache.catalina.util.LifecycleBase   : Failed to start component [Connector[HTTP/1.1-8081]]

org.apache.catalina.LifecycleException: Protocol handler start failed
	at org.apache.catalina.connector.Connector.startInternal(Connector.java:1004) ~[tomcat-embed-core-9.0.14.jar!/:9.0.14]
	at org.apache.catalina.util.LifecycleBase.start(LifecycleBase.java:183) ~[tomcat-embed-core-9.0.14.jar!/:9.0.14]
	at org.apache.catalina.core.StandardService.addConnector(StandardService.java:226) ~[tomcat-embed-core-9.0.14.jar!/:9.0.14]
	at org.springframework.boot.web.embedded.tomcat.TomcatWebServer.addPreviouslyRemovedConnectors(TomcatWebServer.java:259) ~[spring-boot-2.1.2.RELEASE.jar!/:2.1.2.RELEASE]
	at org.springframework.boot.web.embedded.tomcat.TomcatWebServer.start(TomcatWebServer.java:197) ~[spring-boot-2.1.2.RELEASE.jar!/:2.1.2.RELEASE]
	at org.springframework.boot.web.servlet.context.ServletWebServerApplicationContext.startWebServer(ServletWebServerApplicationContext.java:311) ~[spring-boot-2.1.2.RELEASE.jar!/:2.1.2.RELEASE]
	at org.springframework.boot.web.servlet.context.ServletWebServerApplicationContext.finishRefresh(ServletWebServerApplicationContext.java:164) ~[spring-boot-2.1.2.RELEASE.jar!/:2.1.2.RELEASE]
	at org.springframework.context.support.AbstractApplicationContext.refresh(AbstractApplicationContext.java:549) ~[spring-context-5.1.4.RELEASE.jar!/:5.1.4.RELEASE]
	at org.springframework.boot.web.servlet.context.ServletWebServerApplicationContext.refresh(ServletWebServerApplicationContext.java:142) ~[spring-boot-2.1.2.RELEASE.jar!/:2.1.2.RELEASE]
	at org.springframework.boot.SpringApplication.refresh(SpringApplication.java:775) ~[spring-boot-2.1.2.RELEASE.jar!/:2.1.2.RELEASE]
	at org.springframework.boot.SpringApplication.refreshContext(SpringApplication.java:397) ~[spring-boot-2.1.2.RELEASE.jar!/:2.1.2.RELEASE]
	at org.springframework.boot.SpringApplication.run(SpringApplication.java:316) ~[spring-boot-2.1.2.RELEASE.jar!/:2.1.2.RELEASE]
	at org.springframework.boot.SpringApplication.run(SpringApplication.java:1260) ~[spring-boot-2.1.2.RELEASE.jar!/:2.1.2.RELEASE]
	at org.springframework.boot.SpringApplication.run(SpringApplication.java:1248) ~[spring-boot-2.1.2.RELEASE.jar!/:2.1.2.RELEASE]
	at demo.Application.main(Application.java:11) ~[classes!/:0.0.1-SNAPSHOT]
	at java.base/jdk.internal.reflect.NativeMethodAccessorImpl.invoke0(Native Method) ~[na:na]
	at java.base/jdk.internal.reflect.NativeMethodAccessorImpl.invoke(NativeMethodAccessorImpl.java:78) ~[na:na]
	at java.base/jdk.internal.reflect.DelegatingMethodAccessorImpl.invoke(DelegatingMethodAccessorImpl.java:43) ~[na:na]
	at java.base/java.lang.reflect.Method.invoke(Method.java:567) ~[na:na]
	at org.springframework.boot.loader.MainMethodRunner.run(MainMethodRunner.java:48) ~[JavaBase-0.0.1-SNAPSHOT.jar:0.0.1-SNAPSHOT]
	at org.springframework.boot.loader.Launcher.launch(Launcher.java:87) ~[JavaBase-0.0.1-SNAPSHOT.jar:0.0.1-SNAPSHOT]
	at org.springframework.boot.loader.Launcher.launch(Launcher.java:50) ~[JavaBase-0.0.1-SNAPSHOT.jar:0.0.1-SNAPSHOT]
	at org.springframework.boot.loader.JarLauncher.main(JarLauncher.java:51) ~[JavaBase-0.0.1-SNAPSHOT.jar:0.0.1-SNAPSHOT]
Caused by: java.net.BindException: Address already in use: bind
	at java.base/sun.nio.ch.Net.bind0(Native Method) ~[na:na]
	at java.base/sun.nio.ch.Net.bind(Net.java:552) ~[na:na]
	at java.base/sun.nio.ch.ServerSocketChannelImpl.netBind(ServerSocketChannelImpl.java:336) ~[na:na]
	at java.base/sun.nio.ch.ServerSocketChannelImpl.bind(ServerSocketChannelImpl.java:294) ~[na:na]
	at java.base/sun.nio.ch.ServerSocketAdaptor.bind(ServerSocketAdaptor.java:88) ~[na:na]
	at org.apache.tomcat.util.net.NioEndpoint.initServerSocket(NioEndpoint.java:236) ~[tomcat-embed-core-9.0.14.jar!/:9.0.14]
	at org.apache.tomcat.util.net.NioEndpoint.bind(NioEndpoint.java:210) ~[tomcat-embed-core-9.0.14.jar!/:9.0.14]
	at org.apache.tomcat.util.net.AbstractEndpoint.bindWithCleanup(AbstractEndpoint.java:1085) ~[tomcat-embed-core-9.0.14.jar!/:9.0.14]
	at org.apache.tomcat.util.net.AbstractEndpoint.start(AbstractEndpoint.java:1171) ~[tomcat-embed-core-9.0.14.jar!/:9.0.14]
	at org.apache.coyote.AbstractProtocol.start(AbstractProtocol.java:568) ~[tomcat-embed-core-9.0.14.jar!/:9.0.14]
	at org.apache.catalina.connector.Connector.startInternal(Connector.java:1001) ~[tomcat-embed-core-9.0.14.jar!/:9.0.14]
	... 22 common frames omitted

2022-12-01 03:44:25.185  INFO 716 --- [main] o.apache.catalina.core.StandardService   : Stopping service [Tomcat]
2022-12-01 03:44:25.354  WARN 716 --- [main] o.a.c.loader.WebappClassLoaderBase       : The web application [ROOT] appears to have started a thread named [Catalina-utility-1] but has failed to stop it. This is very likely to create a memory leak. Stack trace of thread:
 java.base@16/java.util.concurrent.ConcurrentHashMap.computeIfAbsent(ConcurrentHashMap.java:1721)
 java.base@16/java.security.SecureClassLoader.getProtectionDomain(SecureClassLoader.java:222)
 java.base@16/java.security.SecureClassLoader.defineClass(SecureClassLoader.java:150)
 java.base@16/java.net.URLClassLoader.defineClass(URLClassLoader.java:512)
 java.base@16/java.net.URLClassLoader$1.run(URLClassLoader.java:420)
 java.base@16/java.net.URLClassLoader$1.run(URLClassLoader.java:414)
 java.base@16/java.security.AccessController.executePrivileged(AccessController.java:784)
 java.base@16/java.security.AccessController.doPrivileged(AccessController.java:691)
 java.base@16/java.net.URLClassLoader.findClass(URLClassLoader.java:413)
 java.base@16/java.lang.ClassLoader.loadClass(ClassLoader.java:586)
 app//org.springframework.boot.loader.LaunchedURLClassLoader.loadClass(LaunchedURLClassLoader.java:93)
 java.base@16/java.lang.ClassLoader.loadClass(ClassLoader.java:519)
 org.apache.catalina.webresources.Cache.backgroundProcess(Cache.java:183)
 org.apache.catalina.webresources.StandardRoot.backgroundProcess(StandardRoot.java:605)
 org.apache.catalina.core.StandardContext.backgroundProcess(StandardContext.java:5506)
 org.apache.catalina.core.ContainerBase$ContainerBackgroundProcessor.processChildren(ContainerBase.java:1351)
 org.apache.catalina.core.ContainerBase$ContainerBackgroundProcessor.processChildren(ContainerBase.java:1355)
 org.apache.catalina.core.ContainerBase$ContainerBackgroundProcessor.processChildren(ContainerBase.java:1355)
 org.apache.catalina.core.ContainerBase$ContainerBackgroundProcessor.run(ContainerBase.java:1333)
 java.base@16/java.util.concurrent.Executors$RunnableAdapter.call(Executors.java:515)
 java.base@16/java.util.concurrent.FutureTask.runAndReset(FutureTask.java:305)
 java.base@16/java.util.concurrent.ScheduledThreadPoolExecutor$ScheduledFutureTask.run(ScheduledThreadPoolExecutor.java:305)
 java.base@16/java.util.concurrent.ThreadPoolExecutor.runWorker(ThreadPoolExecutor.java:1130)
 java.base@16/java.util.concurrent.ThreadPoolExecutor$Worker.run(ThreadPoolExecutor.java:630)
 org.apache.tomcat.util.threads.TaskThread$WrappingRunnable.run(TaskThread.java:61)
 java.base@16/java.lang.Thread.run(Thread.java:831)
2022-12-01 03:44:25.367  INFO 716 --- [main] ConditionEvaluationReportLoggingListener : 

Error starting ApplicationContext. To display the conditions report re-run your application with 'debug' enabled.
2022-12-01 03:44:25.371 ERROR 716 --- [main] o.s.b.d.LoggingFailureAnalysisReporter   : 

***************************
APPLICATION FAILED TO START
***************************

Description:

The Tomcat connector configured to listen on port 8081 failed to start. The port may already be in use or the connector may be misconfigured.

Action:

Verify the connector's configuration, identify and stop any process that's listening on port 8081, or configure this application to listen on another port.

2022-12-01 03:44:25.375  INFO 716 --- [main] o.s.s.c.ThreadPoolTaskScheduler          : Shutting down ExecutorService 'taskScheduler'
2022-12-01 03:44:25.377  INFO 716 --- [main] o.s.s.concurrent.ThreadPoolTaskExecutor  : Shutting down ExecutorService 'applicationTaskExecutor'
2022-12-01 03:44:25.382  INFO 716 --- [main] j.LocalContainerEntityManagerFactoryBean : Closing JPA EntityManagerFactory for persistence unit 'default'
2022-12-01 03:44:25.387  INFO 716 --- [main] com.zaxxer.hikari.HikariDataSource       : HikariPool-1 - Shutdown initiated...
2022-12-01 03:44:25.431  INFO 716 --- [main] com.zaxxer.hikari.HikariDataSource       : HikariPool-1 - Shutdown completed.
2022-12-01 04:00:00.183  INFO 19036 --- [scheduling-1] .s.a.AnnotationAsyncExecutionInterceptor : More than one TaskExecutor bean found within the context, and none is named 'taskExecutor'. Mark one of them as primary or name it 'taskExecutor' (possibly as an alias) in order to use it for async processing: [applicationTaskExecutor, taskScheduler]
2022-12-01 19:02:04.974  WARN 19036 --- [HikariPool-1 housekeeper] com.zaxxer.hikari.pool.HikariPool        : HikariPool-1 - Thread starvation or clock leap detected (housekeeper delta=2h10m29s980ms936µs800ns).
2022-12-01 21:27:37.550  WARN 19036 --- [HikariPool-1 housekeeper] com.zaxxer.hikari.pool.HikariPool        : HikariPool-1 - Thread starvation or clock leap detected (housekeeper delta=2h16m2s401ms305µs).
